  main.cpp
c:\users\gabri\documents\github\tpv\ejercicio3\proyectossdl\holasdl\game.h(5): warning C4067: unexpected tokens following preprocessor directive - expected a newline
c:\users\gabri\documents\github\tpv\ejercicio3\proyectossdl\holasdl\game.h(6): warning C4067: unexpected tokens following preprocessor directive - expected a newline
c:\users\gabri\documents\github\tpv\ejercicio3\proyectossdl\holasdl\dog.h(5): warning C4067: unexpected tokens following preprocessor directive - expected a newline
c:\users\gabri\documents\github\tpv\ejercicio3\proyectossdl\holasdl\dog.h(16): error C2143: syntax error: missing ';' before '*'
c:\users\gabri\documents\github\tpv\ejercicio3\proyectossdl\holasdl\dog.h(16): error C4430: missing type specifier - int assumed. Note: C++ does not support default-int
c:\users\gabri\documents\github\tpv\ejercicio3\proyectossdl\holasdl\dog.h(16): error C2238: unexpected token(s) preceding ';'
  Texture.cpp
c:\users\gabri\documents\github\tpv\ejercicio3\proyectossdl\holasdl\texture.cpp(14): error C2572: 'Texture::load': redefinition of default argument: parameter 1
  c:\users\gabri\documents\github\tpv\ejercicio3\proyectossdl\holasdl\texture.h(22): note: see declaration of 'Texture::load'
c:\users\gabri\documents\github\tpv\ejercicio3\proyectossdl\holasdl\texture.cpp(14): error C2572: 'Texture::load': redefinition of default argument: parameter 2
  c:\users\gabri\documents\github\tpv\ejercicio3\proyectossdl\holasdl\texture.h(22): note: see declaration of 'Texture::load'
c:\users\gabri\documents\github\tpv\ejercicio3\proyectossdl\holasdl\texture.cpp(31): error C2572: 'Texture::render': redefinition of default argument: parameter 1
  c:\users\gabri\documents\github\tpv\ejercicio3\proyectossdl\holasdl\texture.h(23): note: see declaration of 'Texture::render'
c:\users\gabri\documents\github\tpv\ejercicio3\proyectossdl\holasdl\texture.cpp(34): error C2572: 'Texture::renderWindow': redefinition of default argument: parameter 1
  c:\users\gabri\documents\github\tpv\ejercicio3\proyectossdl\holasdl\texture.h(26): note: see declaration of 'Texture::renderWindow'
c:\users\gabri\documents\github\tpv\ejercicio3\proyectossdl\holasdl\texture.cpp(37): error C2572: 'Texture::renderFrame': redefinition of default argument: parameter 1
  c:\users\gabri\documents\github\tpv\ejercicio3\proyectossdl\holasdl\texture.h(24): note: see declaration of 'Texture::renderFrame'
  Game.cpp
c:\users\gabri\documents\github\tpv\ejercicio3\proyectossdl\holasdl\game.h(5): warning C4067: unexpected tokens following preprocessor directive - expected a newline
c:\users\gabri\documents\github\tpv\ejercicio3\proyectossdl\holasdl\game.h(6): warning C4067: unexpected tokens following preprocessor directive - expected a newline
c:\users\gabri\documents\github\tpv\ejercicio3\proyectossdl\holasdl\dog.h(5): warning C4067: unexpected tokens following preprocessor directive - expected a newline
c:\users\gabri\documents\github\tpv\ejercicio3\proyectossdl\holasdl\dog.h(16): error C2143: syntax error: missing ';' before '*'
c:\users\gabri\documents\github\tpv\ejercicio3\proyectossdl\holasdl\dog.h(16): error C4430: missing type specifier - int assumed. Note: C++ does not support default-int
c:\users\gabri\documents\github\tpv\ejercicio3\proyectossdl\holasdl\dog.h(16): error C2238: unexpected token(s) preceding ';'
  Dog.cpp
c:\users\gabri\documents\github\tpv\ejercicio3\proyectossdl\holasdl\game.h(5): warning C4067: unexpected tokens following preprocessor directive - expected a newline
c:\users\gabri\documents\github\tpv\ejercicio3\proyectossdl\holasdl\game.h(6): warning C4067: unexpected tokens following preprocessor directive - expected a newline
c:\users\gabri\documents\github\tpv\ejercicio3\proyectossdl\holasdl\game.h(15): error C3646: 'dog': unknown override specifier
c:\users\gabri\documents\github\tpv\ejercicio3\proyectossdl\holasdl\game.h(15): error C4430: missing type specifier - int assumed. Note: C++ does not support default-int
c:\users\gabri\documents\github\tpv\ejercicio3\proyectossdl\holasdl\dog.h(5): warning C4067: unexpected tokens following preprocessor directive - expected a newline
  Generating Code...
