Build started 08/11/2017 13:48:50.
     1>Project "C:\hlocal\TPV\Pacman\ProyectosSDL\HolaSDL\HolaSDL.vcxproj" on node 2 (Build target(s)).
     1>ClCompile:
         C:\software\programacion\MSVStudio2013\VC\bin\CL.exe /c /ZI /nologo /W3 /WX- /sdl /Od /Oy- /D _MBCS /Gm /EHsc /RTC1 /MDd /GS /fp:precise /Zc:wchar_t /Zc:forScope /Fo"Debug\\" /Fd"Debug\vc120.pdb" /Gd /TP /analyze- /errorReport:prompt Game.cpp Ghost.cpp Pacman.cpp main.cpp
         Game.cpp
         Generating Code...
         Compiling...
         main.cpp
         Pacman.cpp
         Ghost.cpp
     1>c:\hlocal\tpv\pacman\proyectossdl\holasdl\ghost.cpp(2): warning C4067: unexpected tokens following preprocessor directive - expected a newline
         Generating Code...
       Link:
         C:\software\programacion\MSVStudio2013\VC\bin\link.exe /ERRORREPORT:PROMPT /OUT:"C:\hlocal\TPV\Pacman\ProyectosSDL\bin\HolaSDLDebug.exe" /INCREMENTAL /NOLOGO SDL2.lib SDL2main.lib SDL2_image.lib kernel32.lib user32.lib gdi32.lib winspool.lib comdlg32.lib advapi32.lib shell32.lib ole32.lib oleaut32.lib uuid.lib odbc32.lib odbccp32.lib /MANIFEST /MANIFESTUAC:"level='asInvoker' uiAccess='false'" /manifest:embed /DEBUG /PDB:"C:\hlocal\TPV\Pacman\ProyectosSDL\bin\HolaSDLDebug.pdb" /SUBSYSTEM:CONSOLE /TLBID:1 /DYNAMICBASE /NXCOMPAT /IMPLIB:"C:\hlocal\TPV\Pacman\ProyectosSDL\bin\HolaSDLDebug.lib" /MACHINE:X86 Debug\Game.obj
         Debug\GameMap.obj
         Debug\Ghost.obj
         Debug\main.obj
         Debug\Pacman.obj
         Debug\Texture.obj
         HolaSDL.vcxproj -> C:\hlocal\TPV\Pacman\ProyectosSDL\bin\HolaSDLDebug.exe
     1>Done Building Project "C:\hlocal\TPV\Pacman\ProyectosSDL\HolaSDL\HolaSDL.vcxproj" (Build target(s)).

Build succeeded.

Time Elapsed 00:00:01.53
